<?xml version="1.0" encoding="UTF-8"?>
<!-- Generated by org.testng.reporters.JUnitXMLReporter -->
<testsuite hostname="LAPTOP-2CA2UD9P" ignored="0" name="EmployeesRestAPITest" tests="33" failures="0" timestamp="17 Jan 2021 22:09:59 GMT" time="26.446" errors="0">
  <testcase name="checkContentEncodingType" time="0.004" classname="com.employeeapi.testCases.TC001_GET_All_Employees"/>
  <testcase name="checkContentLength" time="0.0" classname="com.employeeapi.testCases.TC001_GET_All_Employees"/>
  <testcase name="checkContentType" time="0.0" classname="com.employeeapi.testCases.TC001_GET_All_Employees"/>
  <testcase name="checkCookies" time="0.0" classname="com.employeeapi.testCases.TC001_GET_All_Employees"/>
  <testcase name="checkResponseBody" time="0.02" classname="com.employeeapi.testCases.TC001_GET_All_Employees"/>
  <testcase name="checkResponseTime" time="0.0" classname="com.employeeapi.testCases.TC001_GET_All_Employees"/>
  <testcase name="checkServerType" time="0.004" classname="com.employeeapi.testCases.TC001_GET_All_Employees"/>
  <testcase name="checkStatusCode" time="0.0" classname="com.employeeapi.testCases.TC001_GET_All_Employees"/>
  <testcase name="checkStatusLine" time="0.004" classname="com.employeeapi.testCases.TC001_GET_All_Employees"/>
  <testcase name="checkContentLength" time="0.0" classname="com.employeeapi.testCases.TC002_Get_Single_Employee_Record"/>
  <testcase name="checkContentType" time="0.0" classname="com.employeeapi.testCases.TC002_Get_Single_Employee_Record"/>
  <testcase name="checkResponseBody" time="0.0" classname="com.employeeapi.testCases.TC002_Get_Single_Employee_Record"/>
  <testcase name="checkResponseTime" time="0.004" classname="com.employeeapi.testCases.TC002_Get_Single_Employee_Record"/>
  <testcase name="checkServerType" time="0.0" classname="com.employeeapi.testCases.TC002_Get_Single_Employee_Record"/>
  <testcase name="checkStatusCode" time="0.0" classname="com.employeeapi.testCases.TC002_Get_Single_Employee_Record"/>
  <testcase name="checkStatusLine" time="0.0" classname="com.employeeapi.testCases.TC002_Get_Single_Employee_Record"/>
  <testcase name="checkContentType" time="0.0" classname="com.employeeapi.testCases.TC003_Post_Employee_Record"/>
  <testcase name="checkResponseBody" time="0.0" classname="com.employeeapi.testCases.TC003_Post_Employee_Record"/>
  <testcase name="checkResponseTime" time="0.0" classname="com.employeeapi.testCases.TC003_Post_Employee_Record"/>
  <testcase name="checkServerType" time="0.0" classname="com.employeeapi.testCases.TC003_Post_Employee_Record"/>
  <testcase name="checkStatusCode" time="0.0" classname="com.employeeapi.testCases.TC003_Post_Employee_Record"/>
  <testcase name="checkStatusLine" time="0.0" classname="com.employeeapi.testCases.TC003_Post_Employee_Record"/>
  <testcase name="checkContentType" time="0.0" classname="com.employeeapi.testCases.TC004_Put_Employee_Record"/>
  <testcase name="checkResponseBody" time="0.0" classname="com.employeeapi.testCases.TC004_Put_Employee_Record"/>
  <testcase name="checkResponseTime" time="0.0" classname="com.employeeapi.testCases.TC004_Put_Employee_Record"/>
  <testcase name="checkServerType" time="0.0" classname="com.employeeapi.testCases.TC004_Put_Employee_Record"/>
  <testcase name="checkStatusCode" time="0.0" classname="com.employeeapi.testCases.TC004_Put_Employee_Record"/>
  <testcase name="checkStatusLine" time="0.0" classname="com.employeeapi.testCases.TC004_Put_Employee_Record"/>
  <testcase name="checkContentType" time="0.0" classname="com.employeeapi.testCases.TC005_Delete_Employee_Record"/>
  <testcase name="checkResponseBody" time="0.0" classname="com.employeeapi.testCases.TC005_Delete_Employee_Record"/>
  <testcase name="checkServerType" time="0.0" classname="com.employeeapi.testCases.TC005_Delete_Employee_Record"/>
  <testcase name="checkStatusCode" time="0.0" classname="com.employeeapi.testCases.TC005_Delete_Employee_Record"/>
  <testcase name="checkStatusLine" time="0.0" classname="com.employeeapi.testCases.TC005_Delete_Employee_Record"/>
</testsuite> <!-- EmployeesRestAPITest -->
