<?xml version="1.0" encoding="UTF-8"?>
<testng-results skipped="0" failed="0" ignored="0" total="33" passed="33">
  <reporter-output>
  </reporter-output>
  <suite name="EmployeesRestAPISuite" duration-ms="26446" started-at="2021-01-17T22:09:33Z" finished-at="2021-01-17T22:09:59Z">
    <groups>
    </groups>
    <test name="EmployeesRestAPITest" duration-ms="26446" started-at="2021-01-17T22:09:33Z" finished-at="2021-01-17T22:09:59Z">
      <class name="com.employeeapi.testCases.TC001_GET_All_Employees">
        <test-method status="PASS" signature="setup()[pri:0, instance:com.employeeapi.testCases.TC001_GET_All_Employees@b684286]" name="setup" is-config="true" duration-ms="478" started-at="2021-01-17T22:09:33Z" finished-at="2021-01-17T22:09:33Z">
          <reporter-output>
          </reporter-output>
        </test-method> <!-- setup -->
        <test-method status="PASS" signature="getAllEmployees()[pri:0, instance:com.employeeapi.testCases.TC001_GET_All_Employees@b684286]" name="getAllEmployees" is-config="true" duration-ms="4018" started-at="2021-01-17T22:09:33Z" finished-at="2021-01-17T22:09:37Z">
          <reporter-output>
          </reporter-output>
        </test-method> <!-- getAllEmployees -->
        <test-method status="PASS" signature="checkContentEncodingType()[pri:0, instance:com.employeeapi.testCases.TC001_GET_All_Employees@b684286]" name="checkContentEncodingType" duration-ms="4" started-at="2021-01-17T22:09:37Z" finished-at="2021-01-17T22:09:37Z">
          <reporter-output>
          </reporter-output>
        </test-method> <!-- checkContentEncodingType -->
        <test-method status="PASS" signature="checkCookies()[pri:0, instance:com.employeeapi.testCases.TC001_GET_All_Employees@b684286]" name="checkCookies" duration-ms="0" started-at="2021-01-17T22:09:37Z" finished-at="2021-01-17T22:09:37Z">
          <reporter-output>
          </reporter-output>
        </test-method> <!-- checkCookies -->
        <test-method status="PASS" signature="checkContentType()[pri:0, instance:com.employeeapi.testCases.TC001_GET_All_Employees@b684286]" name="checkContentType" duration-ms="0" started-at="2021-01-17T22:09:37Z" finished-at="2021-01-17T22:09:37Z">
          <reporter-output>
          </reporter-output>
        </test-method> <!-- checkContentType -->
        <test-method status="PASS" signature="checkResponseBody()[pri:0, instance:com.employeeapi.testCases.TC001_GET_All_Employees@b684286]" name="checkResponseBody" duration-ms="20" started-at="2021-01-17T22:09:37Z" finished-at="2021-01-17T22:09:37Z">
          <reporter-output>
          </reporter-output>
        </test-method> <!-- checkResponseBody -->
        <test-method status="PASS" signature="checkContentLength()[pri:0, instance:com.employeeapi.testCases.TC001_GET_All_Employees@b684286]" name="checkContentLength" duration-ms="0" started-at="2021-01-17T22:09:37Z" finished-at="2021-01-17T22:09:37Z">
          <reporter-output>
          </reporter-output>
        </test-method> <!-- checkContentLength -->
        <test-method status="PASS" signature="checkResponseTime()[pri:0, instance:com.employeeapi.testCases.TC001_GET_All_Employees@b684286]" name="checkResponseTime" duration-ms="0" started-at="2021-01-17T22:09:37Z" finished-at="2021-01-17T22:09:37Z">
          <reporter-output>
          </reporter-output>
        </test-method> <!-- checkResponseTime -->
        <test-method status="PASS" signature="checkServerType()[pri:0, instance:com.employeeapi.testCases.TC001_GET_All_Employees@b684286]" name="checkServerType" duration-ms="4" started-at="2021-01-17T22:09:37Z" finished-at="2021-01-17T22:09:37Z">
          <reporter-output>
          </reporter-output>
        </test-method> <!-- checkServerType -->
        <test-method status="PASS" signature="checkStatusCode()[pri:0, instance:com.employeeapi.testCases.TC001_GET_All_Employees@b684286]" name="checkStatusCode" duration-ms="0" started-at="2021-01-17T22:09:37Z" finished-at="2021-01-17T22:09:37Z">
          <reporter-output>
          </reporter-output>
        </test-method> <!-- checkStatusCode -->
        <test-method status="PASS" signature="checkStatusLine()[pri:0, instance:com.employeeapi.testCases.TC001_GET_All_Employees@b684286]" name="checkStatusLine" duration-ms="4" started-at="2021-01-17T22:09:37Z" finished-at="2021-01-17T22:09:37Z">
          <reporter-output>
          </reporter-output>
        </test-method> <!-- checkStatusLine -->
        <test-method status="PASS" signature="tearDown()[pri:0, instance:com.employeeapi.testCases.TC001_GET_All_Employees@b684286]" name="tearDown" is-config="true" duration-ms="0" started-at="2021-01-17T22:09:37Z" finished-at="2021-01-17T22:09:37Z">
          <reporter-output>
          </reporter-output>
        </test-method> <!-- tearDown -->
      </class> <!-- com.employeeapi.testCases.TC001_GET_All_Employees -->
      <class name="com.employeeapi.testCases.TC003_Post_Employee_Record">
        <test-method status="PASS" signature="setup()[pri:0, instance:com.employeeapi.testCases.TC003_Post_Employee_Record@3f3afe78]" name="setup" is-config="true" duration-ms="0" started-at="2021-01-17T22:09:41Z" finished-at="2021-01-17T22:09:41Z">
          <reporter-output>
          </reporter-output>
        </test-method> <!-- setup -->
        <test-method status="PASS" signature="createEmployee()[pri:0, instance:com.employeeapi.testCases.TC003_Post_Employee_Record@3f3afe78]" name="createEmployee" is-config="true" duration-ms="5776" started-at="2021-01-17T22:09:41Z" finished-at="2021-01-17T22:09:47Z">
          <reporter-output>
          </reporter-output>
        </test-method> <!-- createEmployee -->
        <test-method status="PASS" signature="checkResponseTime()[pri:0, instance:com.employeeapi.testCases.TC003_Post_Employee_Record@3f3afe78]" name="checkResponseTime" duration-ms="0" started-at="2021-01-17T22:09:47Z" finished-at="2021-01-17T22:09:47Z">
          <reporter-output>
          </reporter-output>
        </test-method> <!-- checkResponseTime -->
        <test-method status="PASS" signature="checkResponseBody()[pri:0, instance:com.employeeapi.testCases.TC003_Post_Employee_Record@3f3afe78]" name="checkResponseBody" duration-ms="0" started-at="2021-01-17T22:09:47Z" finished-at="2021-01-17T22:09:47Z">
          <reporter-output>
          </reporter-output>
        </test-method> <!-- checkResponseBody -->
        <test-method status="PASS" signature="checkContentType()[pri:0, instance:com.employeeapi.testCases.TC003_Post_Employee_Record@3f3afe78]" name="checkContentType" duration-ms="0" started-at="2021-01-17T22:09:47Z" finished-at="2021-01-17T22:09:47Z">
          <reporter-output>
          </reporter-output>
        </test-method> <!-- checkContentType -->
        <test-method status="PASS" signature="checkStatusLine()[pri:0, instance:com.employeeapi.testCases.TC003_Post_Employee_Record@3f3afe78]" name="checkStatusLine" duration-ms="0" started-at="2021-01-17T22:09:47Z" finished-at="2021-01-17T22:09:47Z">
          <reporter-output>
          </reporter-output>
        </test-method> <!-- checkStatusLine -->
        <test-method status="PASS" signature="checkStatusCode()[pri:0, instance:com.employeeapi.testCases.TC003_Post_Employee_Record@3f3afe78]" name="checkStatusCode" duration-ms="0" started-at="2021-01-17T22:09:47Z" finished-at="2021-01-17T22:09:47Z">
          <reporter-output>
          </reporter-output>
        </test-method> <!-- checkStatusCode -->
        <test-method status="PASS" signature="tearDown()[pri:0, instance:com.employeeapi.testCases.TC003_Post_Employee_Record@3f3afe78]" name="tearDown" is-config="true" duration-ms="0" started-at="2021-01-17T22:09:47Z" finished-at="2021-01-17T22:09:47Z">
          <reporter-output>
          </reporter-output>
        </test-method> <!-- tearDown -->
        <test-method status="PASS" signature="checkServerType()[pri:0, instance:com.employeeapi.testCases.TC003_Post_Employee_Record@3f3afe78]" name="checkServerType" duration-ms="0" started-at="2021-01-17T22:09:47Z" finished-at="2021-01-17T22:09:47Z">
          <reporter-output>
          </reporter-output>
        </test-method> <!-- checkServerType -->
      </class> <!-- com.employeeapi.testCases.TC003_Post_Employee_Record -->
      <class name="com.employeeapi.testCases.TC005_Delete_Employee_Record">
        <test-method status="PASS" signature="setup()[pri:0, instance:com.employeeapi.testCases.TC005_Delete_Employee_Record@36d64342]" name="setup" is-config="true" duration-ms="0" started-at="2021-01-17T22:09:53Z" finished-at="2021-01-17T22:09:53Z">
          <reporter-output>
          </reporter-output>
        </test-method> <!-- setup -->
        <test-method status="PASS" signature="deleteEmployee()[pri:0, instance:com.employeeapi.testCases.TC005_Delete_Employee_Record@36d64342]" name="deleteEmployee" is-config="true" duration-ms="6231" started-at="2021-01-17T22:09:53Z" finished-at="2021-01-17T22:09:59Z">
          <reporter-output>
          </reporter-output>
        </test-method> <!-- deleteEmployee -->
        <test-method status="PASS" signature="tearDown()[pri:0, instance:com.employeeapi.testCases.TC005_Delete_Employee_Record@36d64342]" name="tearDown" is-config="true" duration-ms="0" started-at="2021-01-17T22:09:59Z" finished-at="2021-01-17T22:09:59Z">
          <reporter-output>
          </reporter-output>
        </test-method> <!-- tearDown -->
        <test-method status="PASS" signature="checkStatusCode()[pri:0, instance:com.employeeapi.testCases.TC005_Delete_Employee_Record@36d64342]" name="checkStatusCode" duration-ms="0" started-at="2021-01-17T22:09:59Z" finished-at="2021-01-17T22:09:59Z">
          <reporter-output>
          </reporter-output>
        </test-method> <!-- checkStatusCode -->
        <test-method status="PASS" signature="checkStatusLine()[pri:0, instance:com.employeeapi.testCases.TC005_Delete_Employee_Record@36d64342]" name="checkStatusLine" duration-ms="0" started-at="2021-01-17T22:09:59Z" finished-at="2021-01-17T22:09:59Z">
          <reporter-output>
          </reporter-output>
        </test-method> <!-- checkStatusLine -->
        <test-method status="PASS" signature="checkResponseBody()[pri:0, instance:com.employeeapi.testCases.TC005_Delete_Employee_Record@36d64342]" name="checkResponseBody" duration-ms="0" started-at="2021-01-17T22:09:59Z" finished-at="2021-01-17T22:09:59Z">
          <reporter-output>
          </reporter-output>
        </test-method> <!-- checkResponseBody -->
        <test-method status="PASS" signature="checkServerType()[pri:0, instance:com.employeeapi.testCases.TC005_Delete_Employee_Record@36d64342]" name="checkServerType" duration-ms="0" started-at="2021-01-17T22:09:59Z" finished-at="2021-01-17T22:09:59Z">
          <reporter-output>
          </reporter-output>
        </test-method> <!-- checkServerType -->
        <test-method status="PASS" signature="checkContentType()[pri:0, instance:com.employeeapi.testCases.TC005_Delete_Employee_Record@36d64342]" name="checkContentType" duration-ms="0" started-at="2021-01-17T22:09:59Z" finished-at="2021-01-17T22:09:59Z">
          <reporter-output>
          </reporter-output>
        </test-method> <!-- checkContentType -->
      </class> <!-- com.employeeapi.testCases.TC005_Delete_Employee_Record -->
      <class name="com.employeeapi.testCases.TC004_Put_Employee_Record">
        <test-method status="PASS" signature="setup()[pri:0, instance:com.employeeapi.testCases.TC004_Put_Employee_Record@7f63425a]" name="setup" is-config="true" duration-ms="4" started-at="2021-01-17T22:09:47Z" finished-at="2021-01-17T22:09:47Z">
          <reporter-output>
          </reporter-output>
        </test-method> <!-- setup -->
        <test-method status="PASS" signature="updateEmployee()[pri:0, instance:com.employeeapi.testCases.TC004_Put_Employee_Record@7f63425a]" name="updateEmployee" is-config="true" duration-ms="5835" started-at="2021-01-17T22:09:47Z" finished-at="2021-01-17T22:09:53Z">
          <reporter-output>
          </reporter-output>
        </test-method> <!-- updateEmployee -->
        <test-method status="PASS" signature="checkContentType()[pri:0, instance:com.employeeapi.testCases.TC004_Put_Employee_Record@7f63425a]" name="checkContentType" duration-ms="0" started-at="2021-01-17T22:09:53Z" finished-at="2021-01-17T22:09:53Z">
          <reporter-output>
          </reporter-output>
        </test-method> <!-- checkContentType -->
        <test-method status="PASS" signature="checkResponseBody()[pri:0, instance:com.employeeapi.testCases.TC004_Put_Employee_Record@7f63425a]" name="checkResponseBody" duration-ms="0" started-at="2021-01-17T22:09:53Z" finished-at="2021-01-17T22:09:53Z">
          <reporter-output>
          </reporter-output>
        </test-method> <!-- checkResponseBody -->
        <test-method status="PASS" signature="checkStatusLine()[pri:0, instance:com.employeeapi.testCases.TC004_Put_Employee_Record@7f63425a]" name="checkStatusLine" duration-ms="0" started-at="2021-01-17T22:09:53Z" finished-at="2021-01-17T22:09:53Z">
          <reporter-output>
          </reporter-output>
        </test-method> <!-- checkStatusLine -->
        <test-method status="PASS" signature="checkStatusCode()[pri:0, instance:com.employeeapi.testCases.TC004_Put_Employee_Record@7f63425a]" name="checkStatusCode" duration-ms="0" started-at="2021-01-17T22:09:53Z" finished-at="2021-01-17T22:09:53Z">
          <reporter-output>
          </reporter-output>
        </test-method> <!-- checkStatusCode -->
        <test-method status="PASS" signature="checkServerType()[pri:0, instance:com.employeeapi.testCases.TC004_Put_Employee_Record@7f63425a]" name="checkServerType" duration-ms="0" started-at="2021-01-17T22:09:53Z" finished-at="2021-01-17T22:09:53Z">
          <reporter-output>
          </reporter-output>
        </test-method> <!-- checkServerType -->
        <test-method status="PASS" signature="tearDown()[pri:0, instance:com.employeeapi.testCases.TC004_Put_Employee_Record@7f63425a]" name="tearDown" is-config="true" duration-ms="0" started-at="2021-01-17T22:09:53Z" finished-at="2021-01-17T22:09:53Z">
          <reporter-output>
          </reporter-output>
        </test-method> <!-- tearDown -->
        <test-method status="PASS" signature="checkResponseTime()[pri:0, instance:com.employeeapi.testCases.TC004_Put_Employee_Record@7f63425a]" name="checkResponseTime" duration-ms="0" started-at="2021-01-17T22:09:53Z" finished-at="2021-01-17T22:09:53Z">
          <reporter-output>
          </reporter-output>
        </test-method> <!-- checkResponseTime -->
      </class> <!-- com.employeeapi.testCases.TC004_Put_Employee_Record -->
      <class name="com.employeeapi.testCases.TC002_Get_Single_Employee_Record">
        <test-method status="PASS" signature="setup()[pri:0, instance:com.employeeapi.testCases.TC002_Get_Single_Employee_Record@880ec60]" name="setup" is-config="true" duration-ms="4" started-at="2021-01-17T22:09:37Z" finished-at="2021-01-17T22:09:37Z">
          <reporter-output>
          </reporter-output>
        </test-method> <!-- setup -->
        <test-method status="PASS" signature="getEmployeeData()[pri:0, instance:com.employeeapi.testCases.TC002_Get_Single_Employee_Record@880ec60]" name="getEmployeeData" is-config="true" duration-ms="3806" started-at="2021-01-17T22:09:37Z" finished-at="2021-01-17T22:09:41Z">
          <reporter-output>
          </reporter-output>
        </test-method> <!-- getEmployeeData -->
        <test-method status="PASS" signature="checkContentType()[pri:0, instance:com.employeeapi.testCases.TC002_Get_Single_Employee_Record@880ec60]" name="checkContentType" duration-ms="0" started-at="2021-01-17T22:09:41Z" finished-at="2021-01-17T22:09:41Z">
          <reporter-output>
          </reporter-output>
        </test-method> <!-- checkContentType -->
        <test-method status="PASS" signature="checkContentLength()[pri:0, instance:com.employeeapi.testCases.TC002_Get_Single_Employee_Record@880ec60]" name="checkContentLength" duration-ms="0" started-at="2021-01-17T22:09:41Z" finished-at="2021-01-17T22:09:41Z">
          <reporter-output>
          </reporter-output>
        </test-method> <!-- checkContentLength -->
        <test-method status="PASS" signature="checkResponseBody()[pri:0, instance:com.employeeapi.testCases.TC002_Get_Single_Employee_Record@880ec60]" name="checkResponseBody" duration-ms="0" started-at="2021-01-17T22:09:41Z" finished-at="2021-01-17T22:09:41Z">
          <reporter-output>
          </reporter-output>
        </test-method> <!-- checkResponseBody -->
        <test-method status="PASS" signature="checkResponseTime()[pri:0, instance:com.employeeapi.testCases.TC002_Get_Single_Employee_Record@880ec60]" name="checkResponseTime" duration-ms="4" started-at="2021-01-17T22:09:41Z" finished-at="2021-01-17T22:09:41Z">
          <reporter-output>
          </reporter-output>
        </test-method> <!-- checkResponseTime -->
        <test-method status="PASS" signature="tearDown()[pri:0, instance:com.employeeapi.testCases.TC002_Get_Single_Employee_Record@880ec60]" name="tearDown" is-config="true" duration-ms="0" started-at="2021-01-17T22:09:41Z" finished-at="2021-01-17T22:09:41Z">
          <reporter-output>
          </reporter-output>
        </test-method> <!-- tearDown -->
        <test-method status="PASS" signature="checkStatusCode()[pri:0, instance:com.employeeapi.testCases.TC002_Get_Single_Employee_Record@880ec60]" name="checkStatusCode" duration-ms="0" started-at="2021-01-17T22:09:41Z" finished-at="2021-01-17T22:09:41Z">
          <reporter-output>
          </reporter-output>
        </test-method> <!-- checkStatusCode -->
        <test-method status="PASS" signature="checkStatusLine()[pri:0, instance:com.employeeapi.testCases.TC002_Get_Single_Employee_Record@880ec60]" name="checkStatusLine" duration-ms="0" started-at="2021-01-17T22:09:41Z" finished-at="2021-01-17T22:09:41Z">
          <reporter-output>
          </reporter-output>
        </test-method> <!-- checkStatusLine -->
        <test-method status="PASS" signature="checkServerType()[pri:0, instance:com.employeeapi.testCases.TC002_Get_Single_Employee_Record@880ec60]" name="checkServerType" duration-ms="0" started-at="2021-01-17T22:09:41Z" finished-at="2021-01-17T22:09:41Z">
          <reporter-output>
          </reporter-output>
        </test-method> <!-- checkServerType -->
      </class> <!-- com.employeeapi.testCases.TC002_Get_Single_Employee_Record -->
    </test> <!-- EmployeesRestAPITest -->
  </suite> <!-- EmployeesRestAPISuite -->
</testng-results>
